<?xml version="1.0" encoding="UTF-8"?>
<testsuite name="com.cognizant.truyum.dao.CartDaoCollectionImplTest" tests="1" skipped="0" failures="0" errors="0" timestamp="2022-12-06T00:08:27" hostname="opla.local" time="0.039">
  <properties/>
  <testcase name="testRemoveCartItem()" classname="com.cognizant.truyum.dao.CartDaoCollectionImplTest" time="0.039"/>
  <system-out><![CDATA[]]></system-out>
  <system-err><![CDATA[]]></system-err>
</testsuite>
